Flutter crash report.
Please report a bug at https://github.com/flutter/flutter/issues.

## command

flutter build web

## exception

FileSystemException: FileSystemException: Failed to decode data using encoding 'utf-8', path = 'D:\hiromixtest\.gitignore'

```
#0      _File._tryDecode (dart:io/file_impl.dart:615:7)
#1      _File.readAsStringSync (dart:io/file_impl.dart:624:7)
#2      _File.readAsLinesSync (dart:io/file_impl.dart:630:36)
#3      ForwardingFile.readAsLinesSync (package:file/src/forwarding/forwarding_file.dart:107:16)
#4      ForwardingFile.readAsLinesSync (package:file/src/forwarding/forwarding_file.dart:107:16)
#5      ProjectMigrator.processFileLines (package:flutter_tools/src/base/project_migrator.dart:40:37)
#6      ScrubGeneratedPluginRegistrant.migrate (package:flutter_tools/src/web/migrations/scrub_generated_plugin_registrant.dart:29:7)
#7      ProjectMigration.run (package:flutter_tools/src/base/project_migrator.dart:84:22)
#8      WebBuilder.buildWeb (package:flutter_tools/src/web/compile.dart:87:21)
<asynchronous suspension>
#9      BuildWebCommand.runCommand (package:flutter_tools/src/commands/build_web.dart:230:5)
<asynchronous suspension>
#10     FlutterCommand.run.<anonymous closure> (package:flutter_tools/src/runner/flutter_command.dart:1408:27)
<asynchronous suspension>
#11     AppContext.run.<anonymous closure> (package:flutter_tools/src/base/context.dart:153:19)
<asynchronous suspension>
#12     CommandRunner.runCommand (package:args/command_runner.dart:212:13)
<asynchronous suspension>
#13     FlutterCommandRunner.runCommand.<anonymous closure> (package:flutter_tools/src/runner/flutter_command_runner.dart:420:9)
<asynchronous suspension>
#14     AppContext.run.<anonymous closure> (package:flutter_tools/src/base/context.dart:153:19)
<asynchronous suspension>
#15     FlutterCommandRunner.runCommand (package:flutter_tools/src/runner/flutter_command_runner.dart:364:5)
<asynchronous suspension>
#16     run.<anonymous closure>.<anonymous closure> (package:flutter_tools/runner.dart:130:9)
<asynchronous suspension>
#17     AppContext.run.<anonymous closure> (package:flutter_tools/src/base/context.dart:153:19)
<asynchronous suspension>
#18     main (package:flutter_tools/executable.dart:93:3)
<asynchronous suspension>
```

## flutter doctor

```
[32m[✓][39m Flutter (Channel stable, 3.24.1, on Microsoft Windows [Version 10.0.22631.4751], locale en-US)
    [32m•[39m Flutter version 3.24.1 on channel stable at C:\flutter
    [32m•[39m Upstream repository https://github.com/flutter/flutter.git
    [32m•[39m Framework revision 5874a72aa4 (6 months ago), 2024-08-20 16:46:00 -0500
    [32m•[39m Engine revision c9b9d5780d
    [32m•[39m Dart version 3.5.1
    [32m•[39m DevTools version 2.37.2

[32m[✓][39m Windows Version (Installed version of Windows is version 10 or higher)

[33m[!][39m Android toolchain - develop for Android devices (Android SDK version 35.0.0)
    [32m•[39m Android SDK at C:\Users\digbi\AppData\Local\Android\Sdk
    [32m•[39m Platform android-35, build-tools 35.0.0
    [32m•[39m ANDROID_HOME = C:\Program Files\Android
    [32m•[39m ANDROID_SDK_ROOT = C:\Users\digbi\AppData\Local\Android\Sdk
    [32m•[39m Java binary at: C:\Program Files\Android\Android Studio\jbr\bin\java
    [32m•[39m Java version OpenJDK Runtime Environment (build 17.0.11+0--11852314)
    [33m![39m Some Android licenses not accepted. To resolve this, run: flutter doctor --android-licenses

[32m[✓][39m Chrome - develop for the web
    [32m•[39m Chrome at C:\Program Files\Google\Chrome\Application\chrome.exe

[32m[✓][39m Visual Studio - develop Windows apps (Visual Studio Community 2022 17.11.2)
    [32m•[39m Visual Studio at C:\Program Files\Microsoft Visual Studio\2022\Community
    [32m•[39m Visual Studio Community 2022 version 17.11.35222.181
    [32m•[39m Windows 10 SDK version 10.0.22621.0

[32m[✓][39m Android Studio (version 2024.1)
    [32m•[39m Android Studio at C:\Program Files\Android\Android Studio
    [32m•[39m Flutter plugin can be installed from:
      🔨 https://plugins.jetbrains.com/plugin/9212-flutter
    [32m•[39m Dart plugin can be installed from:
      🔨 https://plugins.jetbrains.com/plugin/6351-dart
    [32m•[39m Java version OpenJDK Runtime Environment (build 17.0.11+0--11852314)

[32m[✓][39m VS Code (version 1.97.1)
    [32m•[39m VS Code at C:\Users\digbi\AppData\Local\Programs\Microsoft VS Code
    [32m•[39m Flutter extension version 3.104.0

[32m[✓][39m Connected device (3 available)
    [32m•[39m Windows (desktop) • windows • windows-x64    • Microsoft Windows [Version 10.0.22631.4751]
    [32m•[39m Chrome (web)      • chrome  • web-javascript • Google Chrome 132.0.6834.197
    [32m•[39m Edge (web)        • edge    • web-javascript • Microsoft Edge 133.0.3065.59

[32m[✓][39m Network resources
    [32m•[39m All expected network resources are available.

[33m![39m Doctor found issues in 1 category.
```
