Flutter crash report.
Please report a bug at https://github.com/flutter/flutter/issues.

## command

flutter run

## exception

RPCError: _flutter.listViews: (-32000) Service connection disposed

```
#0      VmService._call (package:vm_service/src/vm_service.dart:1769:7)
#1      VmService.callServiceExtension (package:vm_service/src/vm_service.dart:1721:14)
#2      VmService.callMethod (package:vm_service/src/vm_service.dart:1712:12)
#3      FlutterVmService.callMethodWrapper (package:flutter_tools/src/vmservice.dart:501:28)
#4      FlutterVmService.getFlutterViews (package:flutter_tools/src/vmservice.dart:913:51)
#5      HotRunner.attach (package:flutter_tools/src/run_hot.dart:304:63)
<asynchronous suspension>
#6      RunCommand.runCommand (package:flutter_tools/src/commands/run.dart:867:27)
<asynchronous suspension>
#7      FlutterCommand.run.<anonymous closure> (package:flutter_tools/src/runner/flutter_command.dart:1408:27)
<asynchronous suspension>
#8      AppContext.run.<anonymous closure> (package:flutter_tools/src/base/context.dart:153:19)
<asynchronous suspension>
#9      CommandRunner.runCommand (package:args/command_runner.dart:212:13)
<asynchronous suspension>
#10     FlutterCommandRunner.runCommand.<anonymous closure> (package:flutter_tools/src/runner/flutter_command_runner.dart:420:9)
<asynchronous suspension>
#11     AppContext.run.<anonymous closure> (package:flutter_tools/src/base/context.dart:153:19)
<asynchronous suspension>
#12     FlutterCommandRunner.runCommand (package:flutter_tools/src/runner/flutter_command_runner.dart:364:5)
<asynchronous suspension>
#13     run.<anonymous closure>.<anonymous closure> (package:flutter_tools/runner.dart:130:9)
<asynchronous suspension>
#14     AppContext.run.<anonymous closure> (package:flutter_tools/src/base/context.dart:153:19)
<asynchronous suspension>
#15     main (package:flutter_tools/executable.dart:93:3)
<asynchronous suspension>
```

## flutter doctor

```
[32m[✓][39m Flutter (Channel stable, 3.24.1, on Microsoft Windows [Version 10.0.22631.4317], locale en-US)
    [32m•[39m Flutter version 3.24.1 on channel stable at C:\flutter
    [32m•[39m Upstream repository https://github.com/flutter/flutter.git
    [32m•[39m Framework revision 5874a72aa4 (3 months ago), 2024-08-20 16:46:00 -0500
    [32m•[39m Engine revision c9b9d5780d
    [32m•[39m Dart version 3.5.1
    [32m•[39m DevTools version 2.37.2

[31m[☠][39m Windows Version (the doctor check crashed)
    [31m✗[39m Due to an error, the doctor check did not complete. If the error message below is not helpful, please let us know about this issue at
      https://github.com/flutter/flutter/issues.
    [31m✗[39m ProcessException: Failed to find "powershell" in the search path.
        Command: powershell 
    [32m•[39m #0      LocalProcessManager.run (package:process/src/interface/local_process_manager.dart:87:7)
      #1      ErrorHandlingProcessManager.run.<anonymous closure> (package:flutter_tools/src/base/error_handling_io.dart:674:24)
      #2      _run (package:flutter_tools/src/base/error_handling_io.dart:569:20)
      #3      ErrorHandlingProcessManager.run (package:flutter_tools/src/base/error_handling_io.dart:673:12)
      #4      ProcessLister.getProcessesWithPath (package:flutter_tools/src/windows/windows_version_validator.dart:111:27)
      #5      WindowsVersionValidator._topazScan (package:flutter_tools/src/windows/windows_version_validator.dart:40:69)
      #6      WindowsVersionValidator.validate (package:flutter_tools/src/windows/windows_version_validator.dart:81:15)
      #7      Doctor.startValidatorTasks.<anonymous closure> (package:flutter_tools/src/doctor.dart:247:72)
      #8      asyncGuard.<anonymous closure> (package:flutter_tools/src/base/async_guard.dart:111:32)
      #9      _rootRun (dart:async/zone.dart:1399:13)
      #10     _CustomZone.run (dart:async/zone.dart:1301:19)
      #11     _runZoned (dart:async/zone.dart:1826:10)
      #12     runZonedGuarded (dart:async/zone.dart:1814:12)
      #13     runZoned (dart:async/zone.dart:1760:12)
      #14     asyncGuard (package:flutter_tools/src/base/async_guard.dart:109:3)
      #15     Doctor.startValidatorTasks (package:flutter_tools/src/doctor.dart:239:9)
      #16     DoctorText._validatorTasks (package:flutter_tools/src/doctor.dart:768:60)
      #17     DoctorText._validatorTasks (package:flutter_tools/src/doctor.dart)
      #18     DoctorText._runDiagnosis (package:flutter_tools/src/doctor.dart:772:53)
      #19     DoctorText.text (package:flutter_tools/src/doctor.dart:764:36)
      #20     DoctorText.text (package:flutter_tools/src/doctor.dart)
      #21     _createLocalCrashReport (package:flutter_tools/runner.dart:273:51)
      #22     _handleToolError (package:flutter_tools/runner.dart:235:31)
      <asynchronous suspension>
      #23     AppContext.run.<anonymous closure> (package:flutter_tools/src/base/context.dart:153:19)
      <asynchronous suspension>
      #24     main (package:flutter_tools/executable.dart:93:3)
      <asynchronous suspension>


[33m[!][39m Android toolchain - develop for Android devices (Android SDK version 35.0.0)
    [32m•[39m Android SDK at C:\Users\digbi\AppData\Local\Android\Sdk
    [32m•[39m Platform android-35, build-tools 35.0.0
    [32m•[39m ANDROID_HOME = C:\Program Files\Android
    [32m•[39m ANDROID_SDK_ROOT = C:\Users\digbi\AppData\Local\Android\Sdk
    [32m•[39m Java binary at: C:\Program Files\Android\Android Studio\jbr\bin\java
    [32m•[39m Java version OpenJDK Runtime Environment (build 17.0.11+0--11852314)
    [33m![39m Some Android licenses not accepted. To resolve this, run: flutter doctor --android-licenses

[32m[✓][39m Chrome - develop for the web
    [32m•[39m Chrome at C:\Program Files\Google\Chrome\Application\chrome.exe

[32m[✓][39m Visual Studio - develop Windows apps (Visual Studio Community 2022 17.11.2)
    [32m•[39m Visual Studio at C:\Program Files\Microsoft Visual Studio\2022\Community
    [32m•[39m Visual Studio Community 2022 version 17.11.35222.181
    [32m•[39m Windows 10 SDK version 10.0.22621.0

[32m[✓][39m Android Studio (version 2024.1)
    [32m•[39m Android Studio at C:\Program Files\Android\Android Studio
    [32m•[39m Flutter plugin can be installed from:
      🔨 https://plugins.jetbrains.com/plugin/9212-flutter
    [32m•[39m Dart plugin can be installed from:
      🔨 https://plugins.jetbrains.com/plugin/6351-dart
    [32m•[39m Java version OpenJDK Runtime Environment (build 17.0.11+0--11852314)

[32m[✓][39m VS Code (version 1.95.3)
    [32m•[39m VS Code at C:\Users\digbi\AppData\Local\Programs\Microsoft VS Code
    [32m•[39m Flutter extension version 3.100.0

[32m[✓][39m Connected device (4 available)
    [32m•[39m sdk gphone64 x86 64 (mobile) • emulator-5554 • android-x64    • Android 15 (API 35) (emulator)
    [32m•[39m Windows (desktop)            • windows       • windows-x64    • Microsoft Windows [Version 10.0.22631.4317]
    [32m•[39m Chrome (web)                 • chrome        • web-javascript • Google Chrome 131.0.6778.70
    [32m•[39m Edge (web)                   • edge          • web-javascript • Microsoft Edge 131.0.2903.51

[32m[✓][39m Network resources
    [32m•[39m All expected network resources are available.

[33m![39m Doctor found issues in 2 categories.
```
